Traceback (most recent call last):
  File "/home/people/yasuda/.conda/envs/3dunet/bin/train3dunet", line 10, in <module>
    sys.exit(main())
  File "/home/people/yasuda/.conda/envs/3dunet/lib/python3.9/site-packages/pytorch3dunet-1.3.3-py3.9.egg/pytorch3dunet/train.py", line 12, in main
  File "/home/people/yasuda/.conda/envs/3dunet/lib/python3.9/site-packages/pytorch3dunet-1.3.3-py3.9.egg/pytorch3dunet/unet3d/config.py", line 15, in load_config
  File "/home/people/yasuda/.conda/envs/3dunet/lib/python3.9/site-packages/pytorch3dunet-1.3.3-py3.9.egg/pytorch3dunet/unet3d/config.py", line 33, in _load_config_yaml
  File "/home/people/yasuda/.conda/envs/3dunet/lib/python3.9/site-packages/yaml/__init__.py", line 125, in safe_load
    return load(stream, SafeLoader)
  File "/home/people/yasuda/.conda/envs/3dunet/lib/python3.9/site-packages/yaml/__init__.py", line 81, in load
    return loader.get_single_data()
  File "/home/people/yasuda/.conda/envs/3dunet/lib/python3.9/site-packages/yaml/constructor.py", line 49, in get_single_data
    node = self.get_single_node()
  File "/home/people/yasuda/.conda/envs/3dunet/lib/python3.9/site-packages/yaml/composer.py", line 36, in get_single_node
    document = self.compose_document()
  File "/home/people/yasuda/.conda/envs/3dunet/lib/python3.9/site-packages/yaml/composer.py", line 55, in compose_document
    node = self.compose_node(None, None)
  File "/home/people/yasuda/.conda/envs/3dunet/lib/python3.9/site-packages/yaml/composer.py", line 84, in compose_node
    node = self.compose_mapping_node(anchor)
  File "/home/people/yasuda/.conda/envs/3dunet/lib/python3.9/site-packages/yaml/composer.py", line 133, in compose_mapping_node
    item_value = self.compose_node(node, item_key)
  File "/home/people/yasuda/.conda/envs/3dunet/lib/python3.9/site-packages/yaml/composer.py", line 84, in compose_node
    node = self.compose_mapping_node(anchor)
  File "/home/people/yasuda/.conda/envs/3dunet/lib/python3.9/site-packages/yaml/composer.py", line 133, in compose_mapping_node
    item_value = self.compose_node(node, item_key)
  File "/home/people/yasuda/.conda/envs/3dunet/lib/python3.9/site-packages/yaml/composer.py", line 84, in compose_node
    node = self.compose_mapping_node(anchor)
  File "/home/people/yasuda/.conda/envs/3dunet/lib/python3.9/site-packages/yaml/composer.py", line 133, in compose_mapping_node
    item_value = self.compose_node(node, item_key)
  File "/home/people/yasuda/.conda/envs/3dunet/lib/python3.9/site-packages/yaml/composer.py", line 84, in compose_node
    node = self.compose_mapping_node(anchor)
  File "/home/people/yasuda/.conda/envs/3dunet/lib/python3.9/site-packages/yaml/composer.py", line 127, in compose_mapping_node
    while not self.check_event(MappingEndEvent):
  File "/home/people/yasuda/.conda/envs/3dunet/lib/python3.9/site-packages/yaml/parser.py", line 98, in check_event
    self.current_event = self.state()
  File "/home/people/yasuda/.conda/envs/3dunet/lib/python3.9/site-packages/yaml/parser.py", line 428, in parse_block_mapping_key
    if self.check_token(KeyToken):
  File "/home/people/yasuda/.conda/envs/3dunet/lib/python3.9/site-packages/yaml/scanner.py", line 115, in check_token
    while self.need_more_tokens():
  File "/home/people/yasuda/.conda/envs/3dunet/lib/python3.9/site-packages/yaml/scanner.py", line 152, in need_more_tokens
    self.stale_possible_simple_keys()
  File "/home/people/yasuda/.conda/envs/3dunet/lib/python3.9/site-packages/yaml/scanner.py", line 291, in stale_possible_simple_keys
    raise ScannerError("while scanning a simple key", key.mark,
yaml.scanner.ScannerError: while scanning a simple key
  in "train_config.yaml", line 160, column 1
could not find expected ':'
  in "train_config.yaml", line 161, column 18
2022-01-07 17:28:00,572 [MainThread] INFO ConfigLoader - Using 'cuda:0' device
2022-01-07 17:28:00,572 [MainThread] INFO TrainingSetup - {'manual_seed': 0, 'model': {'name': 'UNet3D', 'in_channels': 1, 'out_channels': 1, 'layer_order': 'gcr', 'f_maps': [32, 64, 128, 256], 'num_groups': 8, 'final_sigmoid': True, 'is_segmentation': True}, 'trainer': {'checkpoint_dir': '/net/fs01/work01/yasuda/data/', 'resume': None, 'validate_after_iters': 1000, 'log_after_iters': 100, 'max_num_epochs': 200, 'max_num_iterations': 60000, 'eval_score_higher_is_better': True}, 'loss': {'name': 'BCEWithLogitsLoss', 'skip_last_target': True}, 'optimizer': {'learning_rate': 0.0002, 'weight_decay': 1e-05}, 'eval_metric': {'name': 'BlobsAveragePrecision', 'thresholds': [0.4, 0.5, 0.6, 0.7, 0.8], 'metric': 'ap'}, 'lr_scheduler': {'name': 'ReduceLROnPlateau', 'mode': 'max', 'factor': 0.2, 'patience': 8}, 'loaders': {'dataset': 'StandardHDF5Dataset', 'batch_size': 1, 'num_workers': 1, 'raw_internal_path': 'raw', 'label_internal_path': 'label', 'weight_internal_path': None, 'train': {'file_paths': ['/net/fs01/work01/yasuda/data/train/'], 'slice_builder': {'name': 'FilterSliceBuilder', 'patch_shape': [64, 189, 189], 'stride_shape': [2, 9, 9], 'threshold': 0.01, 'slack_acceptance': 0.01}, 'transformer': {'raw': [{'name': 'Standardize'}, {'name': 'RandomFlip'}, {'name': 'RandomRotate90'}, {'name': 'RandomRotate', 'axes': [[2, 1]], 'angle_spectrum': 30, 'mode': 'reflect'}, {'name': 'ElasticDeformation', 'spline_order': 3}, {'name': 'ToTensor', 'expand_dims': True}], 'label': [{'name': 'RandomFlip'}, {'name': 'RandomRotate90'}, {'name': 'RandomRotate', 'axes': [[2, 1]], 'angle_spectrum': 30, 'mode': 'reflect'}, {'name': 'ElasticDeformation', 'spline_order': 0}, {'name': 'BlobsToMask', 'append_label': True, 'boundary': False}, {'name': 'ToTensor', 'expand_dims': False}]}}, 'val': {'file_paths': ['/net/fs01/work01/yasuda/data/val/'], 'slice_builder': {'name': 'FilterSliceBuilder', 'patch_shape': [64, 189, 189], 'stride_shape': [2, 9, 9], 'threshold': 0.01, 'slack_acceptance': 0.01}, 'transformer': {'raw': [{'name': 'Standardize'}, {'name': 'ToTensor', 'expand_dims': True}], 'label': [{'name': 'BlobsToMask', 'append_label': True, 'boundary': False}, {'name': 'ToTensor', 'expand_dims': False}]}}}, 'device': device(type='cuda', index=0)}
2022-01-07 17:28:00,572 [MainThread] INFO TrainingSetup - Seed the RNG for all devices with 0
2022-01-07 17:28:01,964 [MainThread] INFO UNet3DTrainer - Using 4 GPUs for training
2022-01-07 17:28:01,964 [MainThread] INFO UNet3DTrainer - Sending the model to 'cuda:0'
2022-01-07 17:28:04,203 [MainThread] INFO UNet3DTrainer - Number of learnable params 4081267
2022-01-07 17:28:04,204 [MainThread] INFO Dataset - Creating training and validation set loaders...
2022-01-07 17:28:05,541 [MainThread] INFO HDF5Dataset - Loading train set from: /net/fs01/work01/yasuda/data/train/myosin.h5...
2022-01-07 17:28:09,616 [MainThread] INFO HDF5Dataset - Input stats: min=0, max=255, mean=129.37299443832356, std=5.418256057482269
2022-01-07 17:28:09,776 [MainThread] INFO Dataset - Slice builder config: {'name': 'FilterSliceBuilder', 'patch_shape': [64, 189, 189], 'stride_shape': [2, 9, 9], 'threshold': 0.01, 'slack_acceptance': 0.01}
